This is pdfTeX, Version 3.1415926-2.5-1.40.14 (TeX Live 2013/Debian) (format=pdflatex 2015.2.10)  3 MAY 2015 03:37
entering extended mode
 restricted \write18 enabled.
 %&-line parsing enabled.
**main.tex
(./main.tex
LaTeX2e <2011/06/27>
Babel <3.9h> and hyphenation patterns for 4 languages loaded.
(/usr/share/texlive/texmf-dist/tex/latex/base/report.cls
Document Class: report 2007/10/19 v1.4h Standard LaTeX document class
(/usr/share/texlive/texmf-dist/tex/latex/base/size10.clo
File: size10.clo 2007/10/19 v1.4h Standard LaTeX file (size option)
)
\c@part=\count79
\c@chapter=\count80
\c@section=\count81
\c@subsection=\count82
\c@subsubsection=\count83
\c@paragraph=\count84
\c@subparagraph=\count85
\c@figure=\count86
\c@table=\count87
\abovecaptionskip=\skip41
\belowcaptionskip=\skip42
\bibindent=\dimen102
)
(/usr/share/texlive/texmf-dist/tex/latex/base/makeidx.sty
Package: makeidx 2000/03/29 v1.0m Standard LaTeX package
)
(/usr/share/texlive/texmf-dist/tex/latex/graphics/graphicx.sty
Package: graphicx 1999/02/16 v1.0f Enhanced LaTeX Graphics (DPC,SPQR)

(/usr/share/texlive/texmf-dist/tex/latex/graphics/keyval.sty
Package: keyval 1999/03/16 v1.13 key=value parser (DPC)
\KV@toks@=\toks14
)
(/usr/share/texlive/texmf-dist/tex/latex/graphics/graphics.sty
Package: graphics 2009/02/05 v1.0o Standard LaTeX Graphics (DPC,SPQR)

(/usr/share/texlive/texmf-dist/tex/latex/graphics/trig.sty
Package: trig 1999/03/16 v1.09 sin cos tan (DPC)
)
(/usr/share/texlive/texmf-dist/tex/latex/latexconfig/graphics.cfg
File: graphics.cfg 2010/04/23 v1.9 graphics configuration of TeX Live
)
Package graphics Info: Driver file: pdftex.def on input line 91.

(/usr/share/texlive/texmf-dist/tex/latex/pdftex-def/pdftex.def
File: pdftex.def 2011/05/27 v0.06d Graphics/color for pdfTeX

(/usr/share/texlive/texmf-dist/tex/generic/oberdiek/infwarerr.sty
Package: infwarerr 2010/04/08 v1.3 Providing info/warning/error messages (HO)
)
(/usr/share/texlive/texmf-dist/tex/generic/oberdiek/ltxcmds.sty
Package: ltxcmds 2011/11/09 v1.22 LaTeX kernel commands for general use (HO)
)
\Gread@gobject=\count88
))
\Gin@req@height=\dimen103
\Gin@req@width=\dimen104
)
(/usr/share/texlive/texmf-dist/tex/latex/tools/multicol.sty
Package: multicol 2011/06/27 v1.7a multicolumn formatting (FMi)
\c@tracingmulticols=\count89
\mult@box=\box26
\multicol@leftmargin=\dimen105
\c@unbalance=\count90
\c@collectmore=\count91
\doublecol@number=\count92
\multicoltolerance=\count93
\multicolpretolerance=\count94
\full@width=\dimen106
\page@free=\dimen107
\premulticols=\dimen108
\postmulticols=\dimen109
\multicolsep=\skip43
\multicolbaselineskip=\skip44
\partial@page=\box27
\last@line=\box28
\mult@rightbox=\box29
\mult@grightbox=\box30
\mult@gfirstbox=\box31
\mult@firstbox=\box32
\@tempa=\box33
\@tempa=\box34
\@tempa=\box35
\@tempa=\box36
\@tempa=\box37
\@tempa=\box38
\@tempa=\box39
\@tempa=\box40
\@tempa=\box41
\@tempa=\box42
\@tempa=\box43
\@tempa=\box44
\@tempa=\box45
\@tempa=\box46
\@tempa=\box47
\@tempa=\box48
\@tempa=\box49
\c@columnbadness=\count95
\c@finalcolumnbadness=\count96
\last@try=\dimen110
\multicolovershoot=\dimen111
\multicolundershoot=\dimen112
\mult@nat@firstbox=\box50
\colbreak@box=\box51
\multicol@sort@counter=\count97
)
(/usr/share/texlive/texmf-dist/tex/latex/footmisc/footmisc.sty
Package: footmisc 2011/06/06 v5.5b a miscellany of footnote facilities
\FN@temptoken=\toks15
\footnotemargin=\dimen113
\c@pp@next@reset=\count98
Package footmisc Info: Declaring symbol style bringhurst on input line 855.
Package footmisc Info: Declaring symbol style chicago on input line 863.
Package footmisc Info: Declaring symbol style wiley on input line 872.
Package footmisc Info: Declaring symbol style lamport-robust on input line 883.

Package footmisc Info: Declaring symbol style lamport* on input line 903.
Package footmisc Info: Declaring symbol style lamport*-robust on input line 924
.
)
(/usr/share/texlive/texmf-dist/tex/latex/wrapfig/wrapfig.sty
\wrapoverhang=\dimen114
\WF@size=\dimen115
\c@WF@wrappedlines=\count99
\WF@box=\box52
\WF@everypar=\toks16
Package: wrapfig 2003/01/31  v 3.6
)
(/usr/share/texlive/texmf-dist/tex/latex/graphics/color.sty
Package: color 2005/11/14 v1.0j Standard LaTeX Color (DPC)

(/usr/share/texlive/texmf-dist/tex/latex/latexconfig/color.cfg
File: color.cfg 2007/01/18 v1.5 color configuration of teTeX/TeXLive
)
Package color Info: Driver file: pdftex.def on input line 130.
)
(/usr/share/texlive/texmf-dist/tex/latex/fancyvrb/fancyvrb.sty
Package: fancyvrb 2008/02/07

Style option: `fancyvrb' v2.7a, with DG/SPQR fixes, and firstline=lastline fix 
<2008/02/07> (tvz)
\FV@CodeLineNo=\count100
\FV@InFile=\read1
\FV@TabBox=\box53
\c@FancyVerbLine=\count101
\FV@StepNumber=\count102
\FV@OutFile=\write3
)
(/usr/share/texlive/texmf-dist/tex/latex/listings/listings.sty
\lst@mode=\count103
\lst@gtempboxa=\box54
\lst@token=\toks17
\lst@length=\count104
\lst@currlwidth=\dimen116
\lst@column=\count105
\lst@pos=\count106
\lst@lostspace=\dimen117
\lst@width=\dimen118
\lst@newlines=\count107
\lst@lineno=\count108
\lst@maxwidth=\dimen119

(/usr/share/texlive/texmf-dist/tex/latex/listings/lstmisc.sty
File: lstmisc.sty 2013/08/26 1.5b (Carsten Heinz)
\c@lstnumber=\count109
\lst@skipnumbers=\count110
\lst@framebox=\box55
)
(/usr/share/texlive/texmf-dist/tex/latex/listings/listings.cfg
File: listings.cfg 2013/08/26 1.5b listings configuration
))
Package: listings 2013/08/26 1.5b (Carsten Heinz)

(/usr/share/texlive/texmf-dist/tex/latex/tools/verbatim.sty
Package: verbatim 2003/08/22 v1.5q LaTeX2e package for verbatim enhancements
\every@verbatim=\toks18
\verbatim@line=\toks19
\verbatim@in@stream=\read2
)
(/usr/share/texlive/texmf-dist/tex/latex/base/alltt.sty
Package: alltt 1997/06/16 v2.0g defines alltt environment
)
(/usr/share/texlive/texmf-dist/tex/latex/hyperref/hyperref.sty
Package: hyperref 2012/11/06 v6.83m Hypertext links for LaTeX

(/usr/share/texlive/texmf-dist/tex/generic/oberdiek/hobsub-hyperref.sty
Package: hobsub-hyperref 2012/05/28 v1.13 Bundle oberdiek, subset hyperref (HO)


(/usr/share/texlive/texmf-dist/tex/generic/oberdiek/hobsub-generic.sty
Package: hobsub-generic 2012/05/28 v1.13 Bundle oberdiek, subset generic (HO)
Package: hobsub 2012/05/28 v1.13 Construct package bundles (HO)
Package hobsub Info: Skipping package `infwarerr' (already loaded).
Package hobsub Info: Skipping package `ltxcmds' (already loaded).
Package: ifluatex 2010/03/01 v1.3 Provides the ifluatex switch (HO)
Package ifluatex Info: LuaTeX not detected.
Package: ifvtex 2010/03/01 v1.5 Detect VTeX and its facilities (HO)
Package ifvtex Info: VTeX not detected.
Package: intcalc 2007/09/27 v1.1 Expandable calculations with integers (HO)
Package: ifpdf 2011/01/30 v2.3 Provides the ifpdf switch (HO)
Package ifpdf Info: pdfTeX in PDF mode is detected.
Package: etexcmds 2011/02/16 v1.5 Avoid name clashes with e-TeX commands (HO)
Package etexcmds Info: Could not find \expanded.
(etexcmds)             That can mean that you are not using pdfTeX 1.50 or
(etexcmds)             that some package has redefined \expanded.
(etexcmds)             In the latter case, load this package earlier.
Package: kvsetkeys 2012/04/25 v1.16 Key value parser (HO)
Package: kvdefinekeys 2011/04/07 v1.3 Define keys (HO)
Package: pdftexcmds 2011/11/29 v0.20 Utility functions of pdfTeX for LuaTeX (HO
)
Package pdftexcmds Info: LuaTeX not detected.
Package pdftexcmds Info: \pdf@primitive is available.
Package pdftexcmds Info: \pdf@ifprimitive is available.
Package pdftexcmds Info: \pdfdraftmode found.
Package: pdfescape 2011/11/25 v1.13 Implements pdfTeX's escape features (HO)
Package: bigintcalc 2012/04/08 v1.3 Expandable calculations on big integers (HO
)
Package: bitset 2011/01/30 v1.1 Handle bit-vector datatype (HO)
Package: uniquecounter 2011/01/30 v1.2 Provide unlimited unique counter (HO)
)
Package hobsub Info: Skipping package `hobsub' (already loaded).
Package: letltxmacro 2010/09/02 v1.4 Let assignment for LaTeX macros (HO)
Package: hopatch 2012/05/28 v1.2 Wrapper for package hooks (HO)
Package: xcolor-patch 2011/01/30 xcolor patch
Package: atveryend 2011/06/30 v1.8 Hooks at the very end of document (HO)
Package atveryend Info: \enddocument detected (standard20110627).
Package: atbegshi 2011/10/05 v1.16 At begin shipout hook (HO)
Package: refcount 2011/10/16 v3.4 Data extraction from label references (HO)
Package: hycolor 2011/01/30 v1.7 Color options for hyperref/bookmark (HO)
)
(/usr/share/texlive/texmf-dist/tex/generic/ifxetex/ifxetex.sty
Package: ifxetex 2010/09/12 v0.6 Provides ifxetex conditional
)
(/usr/share/texlive/texmf-dist/tex/latex/oberdiek/auxhook.sty
Package: auxhook 2011/03/04 v1.3 Hooks for auxiliary files (HO)
)
(/usr/share/texlive/texmf-dist/tex/latex/oberdiek/kvoptions.sty
Package: kvoptions 2011/06/30 v3.11 Key value format for package options (HO)
)
\@linkdim=\dimen120
\Hy@linkcounter=\count111
\Hy@pagecounter=\count112

(/usr/share/texlive/texmf-dist/tex/latex/hyperref/pd1enc.def
File: pd1enc.def 2012/11/06 v6.83m Hyperref: PDFDocEncoding definition (HO)
)
\Hy@SavedSpaceFactor=\count113

(/usr/share/texlive/texmf-dist/tex/latex/latexconfig/hyperref.cfg
File: hyperref.cfg 2002/06/06 v1.2 hyperref configuration of TeXLive
)
Package hyperref Info: Hyper figures OFF on input line 4443.
Package hyperref Info: Link nesting OFF on input line 4448.
Package hyperref Info: Hyper index ON on input line 4451.
Package hyperref Info: Plain pages OFF on input line 4458.
Package hyperref Info: Backreferencing OFF on input line 4463.
Package hyperref Info: Implicit mode ON; LaTeX internals redefined.
Package hyperref Info: Bookmarks ON on input line 4688.
\c@Hy@tempcnt=\count114

(/usr/share/texlive/texmf-dist/tex/latex/url/url.sty
\Urlmuskip=\muskip10
Package: url 2013/09/16  ver 3.4  Verb mode for urls, etc.
)
LaTeX Info: Redefining \url on input line 5041.
\XeTeXLinkMargin=\dimen121
\Fld@menulength=\count115
\Field@Width=\dimen122
\Fld@charsize=\dimen123
Package hyperref Info: Hyper figures OFF on input line 6295.
Package hyperref Info: Link nesting OFF on input line 6300.
Package hyperref Info: Hyper index ON on input line 6303.
Package hyperref Info: backreferencing OFF on input line 6310.
Package hyperref Info: Link coloring OFF on input line 6315.
Package hyperref Info: Link coloring with OCG OFF on input line 6320.
Package hyperref Info: PDF/A mode OFF on input line 6325.
LaTeX Info: Redefining \ref on input line 6365.
LaTeX Info: Redefining \pageref on input line 6369.
\Hy@abspage=\count116
\c@Item=\count117
\c@Hfootnote=\count118
)

Package hyperref Message: Driver (autodetected): hpdftex.

(/usr/share/texlive/texmf-dist/tex/latex/hyperref/hpdftex.def
File: hpdftex.def 2012/11/06 v6.83m Hyperref driver for pdfTeX
\Fld@listcount=\count119
\c@bookmark@seq@number=\count120

(/usr/share/texlive/texmf-dist/tex/latex/oberdiek/rerunfilecheck.sty
Package: rerunfilecheck 2011/04/15 v1.7 Rerun checks for auxiliary files (HO)
Package uniquecounter Info: New unique counter `rerunfilecheck' on input line 2
82.
)
\Hy@SectionHShift=\skip45
)
(/usr/share/texlive/texmf-dist/tex/latex/csvsimple/csvsimple.sty
Package: csvsimple 2013/09/25 version 1.07 LaTeX CSV file processing

(/usr/share/texmf/tex/latex/pgf/utilities/pgfkeys.sty
(/usr/share/texmf/tex/generic/pgf/utilities/pgfkeys.code.tex
\pgfkeys@pathtoks=\toks20
\pgfkeys@temptoks=\toks21

(/usr/share/texmf/tex/generic/pgf/utilities/pgfkeysfiltered.code.tex
\pgfkeys@tmptoks=\toks22
)))
(/usr/share/texlive/texmf-dist/tex/latex/base/ifthen.sty
Package: ifthen 2001/05/26 v1.1c Standard LaTeX ifthen package (DPC)
)
\csv@file=\read3
\c@csvinputline=\count121
\c@csvrow=\count122
\c@csvcol=\count123
) (./main.aux
(./part1.aux

LaTeX Warning: Label `lst:q1-1' multiply defined.

) (./part2.aux

LaTeX Warning: Label `lst:q1-1' multiply defined.


LaTeX Warning: Label `lst:q1-1' multiply defined.


LaTeX Warning: Label `lst:q1-1' multiply defined.

) (./part3.aux

LaTeX Warning: Label `lst:q1-1' multiply defined.


LaTeX Warning: Label `lst:q1-1' multiply defined.

) (./part4.aux

LaTeX Warning: Label `lst:q1-1' multiply defined.

))
\openout1 = `main.aux'.

LaTeX Font Info:    Checking defaults for OML/cmm/m/it on input line 24.
LaTeX Font Info:    ... okay on input line 24.
LaTeX Font Info:    Checking defaults for T1/cmr/m/n on input line 24.
LaTeX Font Info:    ... okay on input line 24.
LaTeX Font Info:    Checking defaults for OT1/cmr/m/n on input line 24.
LaTeX Font Info:    ... okay on input line 24.
LaTeX Font Info:    Checking defaults for OMS/cmsy/m/n on input line 24.
LaTeX Font Info:    ... okay on input line 24.
LaTeX Font Info:    Checking defaults for OMX/cmex/m/n on input line 24.
LaTeX Font Info:    ... okay on input line 24.
LaTeX Font Info:    Checking defaults for U/cmr/m/n on input line 24.
LaTeX Font Info:    ... okay on input line 24.
LaTeX Font Info:    Checking defaults for PD1/pdf/m/n on input line 24.
LaTeX Font Info:    ... okay on input line 24.
 (/usr/share/texlive/texmf-dist/tex/context/base/supp-pdf.mkii
[Loading MPS to PDF converter (version 2006.09.02).]
\scratchcounter=\count124
\scratchdimen=\dimen124
\scratchbox=\box56
\nofMPsegments=\count125
\nofMParguments=\count126
\everyMPshowfont=\toks23
\MPscratchCnt=\count127
\MPscratchDim=\dimen125
\MPnumerator=\count128
\makeMPintoPDFobject=\count129
\everyMPtoPDFconversion=\toks24
) (/usr/share/texlive/texmf-dist/tex/latex/oberdiek/epstopdf-base.sty
Package: epstopdf-base 2010/02/09 v2.5 Base part for package epstopdf

(/usr/share/texlive/texmf-dist/tex/latex/oberdiek/grfext.sty
Package: grfext 2010/08/19 v1.1 Manage graphics extensions (HO)
)
Package grfext Info: Graphics extension search list:
(grfext)             [.png,.pdf,.jpg,.mps,.jpeg,.jbig2,.jb2,.PNG,.PDF,.JPG,.JPE
G,.JBIG2,.JB2,.eps]
(grfext)             \AppendGraphicsExtensions on input line 452.

(/usr/share/texlive/texmf-dist/tex/latex/latexconfig/epstopdf-sys.cfg
File: epstopdf-sys.cfg 2010/07/13 v1.3 Configuration of (r)epstopdf for TeX Liv
e
))
\c@lstlisting=\count130
\AtBeginShipoutBox=\box57
Package hyperref Info: Link coloring OFF on input line 24.

(/usr/share/texlive/texmf-dist/tex/latex/hyperref/nameref.sty
Package: nameref 2012/10/27 v2.43 Cross-referencing by name of section

(/usr/share/texlive/texmf-dist/tex/generic/oberdiek/gettitlestring.sty
Package: gettitlestring 2010/12/03 v1.4 Cleanup title references (HO)
)
\c@section@level=\count131
)
LaTeX Info: Redefining \ref on input line 24.
LaTeX Info: Redefining \pageref on input line 24.
LaTeX Info: Redefining \nameref on input line 24.

(./main.out) (./main.out)
\@outlinefile=\write4
\openout4 = `main.out'.

LaTeX Font Info:    External font `cmex10' loaded for size
(Font)              <12> on input line 50.
LaTeX Font Info:    External font `cmex10' loaded for size
(Font)              <8> on input line 50.
LaTeX Font Info:    External font `cmex10' loaded for size
(Font)              <6> on input line 50.
 [1

{/var/lib/texmf/fonts/map/pdftex/updmap/pdftex.map}] (./main.toc
LaTeX Font Info:    External font `cmex10' loaded for size
(Font)              <7> on input line 1.
LaTeX Font Info:    External font `cmex10' loaded for size
(Font)              <5> on input line 1.
)
\tf@toc=\write5
\openout5 = `main.toc'.

pdfTeX warning (ext4): destination with the same identifier (name{page.1}) has 
been already used, duplicate ignored
<to be read again> 
                   \relax 
l.52 \newpage
              [1

]
\openout2 = `part1.aux'.

 (./part1.tex
<src/examples.png, id=80, 498.86375pt x 173.64874pt>
File: src/examples.png Graphic file (type png)
 <use src/examples.png>
Package pdftex.def Info: src/examples.png used on input line 42.
(pdftex.def)             Requested size: 299.32056pt x 104.19005pt.

[2

 <./src/examples.png>]
(/usr/share/texlive/texmf-dist/tex/latex/listings/lstlang1.sty
File: lstlang1.sty 2013/08/26 1.5b listings language file
)
(./src/1.extractTextWithBoilerpipe.py
LaTeX Font Info:    Try loading font information for OMS+cmr on input line 37.

(/usr/share/texlive/texmf-dist/tex/latex/base/omscmr.fd
File: omscmr.fd 1999/05/25 v2.5h Standard LaTeX font definitions
)
LaTeX Font Info:    Font shape `OMS/cmr/m/n' in size <8> not available
(Font)              Font shape `OMS/cmsy/m/n' tried instead on input line 37.
 [3]
LaTeX Font Info:    Try loading font information for OML+cmr on input line 70.

(/usr/share/texlive/texmf-dist/tex/latex/base/omlcmr.fd
File: omlcmr.fd 1999/05/25 v2.5h Standard LaTeX font definitions
)
LaTeX Font Info:    Font shape `OML/cmr/m/it' in size <8> not available
(Font)              Font shape `OML/cmm/m/it' tried instead on input line 70.
) [4]
(./src/1.findNgrams.py
LaTeX Font Info:    Font shape `OML/cmr/m/n' in size <8> not available
(Font)              Font shape `OML/cmm/m/it' tried instead on input line 8.
 [5]) [6])
\openout2 = `part2.aux'.

 (./part2.tex
<graphs/2_mementoCount.png, id=299, 481.8pt x 481.8pt>
File: graphs/2_mementoCount.png Graphic file (type png)

<use graphs/2_mementoCount.png>
Package pdftex.def Info: graphs/2_mementoCount.png used on input line 25.
(pdftex.def)             Requested size: 289.08221pt x 289.08221pt.
 [7


 <./graphs/2_mementoCount.png>]
(./src/2.1fetchTimemaps.py) [8] (./src/2.2countMementos.py) [9] (./src/2.r)
[10])
\openout2 = `part3.aux'.

 (./part3.tex [11


] <graphs/3_j1.png, id=429, 1284.8pt x 910.40125pt>
File: graphs/3_j1.png Graphic file (type png)

<use graphs/3_j1.png>
Package pdftex.def Info: graphs/3_j1.png used on input line 36.
(pdftex.def)             Requested size: 513.9109pt x 364.15404pt.

Overfull \hbox (42.43842pt too wide) in paragraph at lines 36--37
 [] 
 []

[12 <./graphs/3_j1.png>] <graphs/3_j5.png, id=438, 1284.8pt x 910.40125pt>
File: graphs/3_j5.png Graphic file (type png)

<use graphs/3_j5.png>
Package pdftex.def Info: graphs/3_j5.png used on input line 44.
(pdftex.def)             Requested size: 513.9109pt x 364.15404pt.

Overfull \hbox (42.43842pt too wide) in paragraph at lines 44--45
 [] 
 []

[13 <./graphs/3_j5.png>] <graphs/3_j6.png, id=445, 1284.8pt x 910.40125pt>
File: graphs/3_j6.png Graphic file (type png)

<use graphs/3_j6.png>
Package pdftex.def Info: graphs/3_j6.png used on input line 52.
(pdftex.def)             Requested size: 513.9109pt x 364.15404pt.

Overfull \hbox (42.43842pt too wide) in paragraph at lines 52--53
 [] 
 []

[14 <./graphs/3_j6.png>] <graphs/3_j7.png, id=452, 1284.8pt x 910.40125pt>
File: graphs/3_j7.png Graphic file (type png)

<use graphs/3_j7.png>
Package pdftex.def Info: graphs/3_j7.png used on input line 60.
(pdftex.def)             Requested size: 513.9109pt x 364.15404pt.

Overfull \hbox (42.43842pt too wide) in paragraph at lines 60--61
 [] 
 []

[15 <./graphs/3_j7.png>] (./src/3.fetchBoilerpipeForMementos.py [16]) [17]
(./src/3.r)) [18]
\openout2 = `part4.aux'.

 (./part4.tex [19


]
<graphs/wall1.png, id=607, 1261.71375pt x 948.54375pt>
File: graphs/wall1.png Graphic file (type png)
 <use graphs/wall1.png>
Package pdftex.def Info: graphs/wall1.png used on input line 37.
(pdftex.def)             Requested size: 504.67656pt x 379.41077pt.

Overfull \hbox (33.20407pt too wide) in paragraph at lines 37--38
 [] 
 []

[20 <./graphs/wall1.png>]
<graphs/wall2.png, id=614, 1267.73625pt x 956.57375pt>
File: graphs/wall2.png Graphic file (type png)
 <use graphs/wall2.png>
Package pdftex.def Info: graphs/wall2.png used on input line 45.
(pdftex.def)             Requested size: 507.08553pt x 382.62271pt.

Overfull \hbox (35.61304pt too wide) in paragraph at lines 45--46
 [] 
 []

[21 <./graphs/wall2.png>]
<graphs/wall3.png, id=620, 1253.68375pt x 957.5775pt>
File: graphs/wall3.png Graphic file (type png)
 <use graphs/wall3.png>
Package pdftex.def Info: graphs/wall3.png used on input line 53.
(pdftex.def)             Requested size: 501.46461pt x 383.02422pt.

Overfull \hbox (29.99213pt too wide) in paragraph at lines 53--54
 [] 
 []

[22 <./graphs/wall3.png>] <graphs/wall4.png, id=626, 1296.845pt x 949.5475pt>
File: graphs/wall4.png Graphic file (type png)

<use graphs/wall4.png>
Package pdftex.def Info: graphs/wall4.png used on input line 61.
(pdftex.def)             Requested size: 518.72882pt x 379.81227pt.

Overfull \hbox (47.25633pt too wide) in paragraph at lines 61--62
 [] 
 []

[23 <./graphs/wall4.png>] <graphs/wall5.png, id=632, 1250.6725pt x 959.585pt>
File: graphs/wall5.png Graphic file (type png)

<use graphs/wall5.png>
Package pdftex.def Info: graphs/wall5.png used on input line 69.
(pdftex.def)             Requested size: 500.26015pt x 383.8272pt.

Overfull \hbox (28.78766pt too wide) in paragraph at lines 69--70
 [] 
 []

[24 <./graphs/wall5.png>] <graphs/wc1.png, id=639, 766.865pt x 716.6775pt>
File: graphs/wc1.png Graphic file (type png)

<use graphs/wc1.png>
Package pdftex.def Info: graphs/wc1.png used on input line 78.
(pdftex.def)             Requested size: 306.74057pt x 286.66592pt.
 [25 <./graphs/wc1.png>]
<graphs/wc2.png, id=646, 717.68124pt x 699.61375pt>
File: graphs/wc2.png Graphic file (type png)
 <use graphs/wc2.png>
Package pdftex.def Info: graphs/wc2.png used on input line 86.
(pdftex.def)             Requested size: 287.06741pt x 279.84055pt.

[26 <./graphs/wc2.png>] <graphs/wc3.png, id=652, 693.59125pt x 701.62125pt>
File: graphs/wc3.png Graphic file (type png)

<use graphs/wc3.png>
Package pdftex.def Info: graphs/wc3.png used on input line 94.
(pdftex.def)             Requested size: 277.43158pt x 280.64352pt.
 [27 <./graphs/wc3.png>]
<graphs/wc4.png, id=658, 671.50874pt x 605.26125pt>
File: graphs/wc4.png Graphic file (type png)
 <use graphs/wc4.png>
Package pdftex.def Info: graphs/wc4.png used on input line 102.
(pdftex.def)             Requested size: 268.59874pt x 242.1002pt.

[28 <./graphs/wc4.png>] <graphs/wc5.png, id=664, 661.47125pt x 679.53876pt>
File: graphs/wc5.png Graphic file (type png)

<use graphs/wc5.png>
Package pdftex.def Info: graphs/wc5.png used on input line 110.
(pdftex.def)             Requested size: 264.58382pt x 271.81068pt.
 [29 <./graphs/wc5.png>]
<graphs/gj1.png, id=670, 933.4875pt x 631.35875pt>
File: graphs/gj1.png Graphic file (type png)
 <use graphs/gj1.png>
Package pdftex.def Info: graphs/gj1.png used on input line 121.
(pdftex.def)             Requested size: 373.38838pt x 252.53902pt.

[30 <./graphs/gj1.png>] <graphs/gj2.png, id=678, 920.43875pt x 647.41875pt>
File: graphs/gj2.png Graphic file (type png)

<use graphs/gj2.png>
Package pdftex.def Info: graphs/gj2.png used on input line 129.
(pdftex.def)             Requested size: 368.16898pt x 258.9629pt.
 [31 <./graphs/gj2.png>]
<graphs/gj3.png, id=684, 919.435pt x 689.57625pt>
File: graphs/gj3.png Graphic file (type png)
 <use graphs/gj3.png>
Package pdftex.def Info: graphs/gj3.png used on input line 137.
(pdftex.def)             Requested size: 367.76749pt x 275.8256pt.
 [32 <./graphs/gj3.png>] <graphs/gj4.png, id=690, 922.44624pt x 641.39626pt>
File: graphs/gj4.png Graphic file (type png)

<use graphs/gj4.png>
Package pdftex.def Info: graphs/gj4.png used on input line 145.
(pdftex.def)             Requested size: 368.97195pt x 256.55396pt.
 [33 <./graphs/gj4.png>]
<graphs/gj5.png, id=696, 921.4425pt x 644.4075pt>
File: graphs/gj5.png Graphic file (type png)
 <use graphs/gj5.png>
Package pdftex.def Info: graphs/gj5.png used on input line 153.
(pdftex.def)             Requested size: 368.57048pt x 257.75844pt.
 [34 <./graphs/gj5.png>] (./src/4.tweetFetcherNepal.py) [35])
Package atveryend Info: Empty hook `BeforeClearDocument' on input line 65.
Package atveryend Info: Empty hook `AfterLastShipout' on input line 65.
 (./main.aux (./part1.aux)
(./part2.aux) (./part3.aux) (./part4.aux))
Package atveryend Info: Executing hook `AtVeryEndDocument' on input line 65.
Package atveryend Info: Executing hook `AtEndAfterFileList' on input line 65.
Package rerunfilecheck Info: File `main.out' has not changed.
(rerunfilecheck)             Checksum: 49BADDD4CE5965911152720E8137C99A;663.


LaTeX Warning: There were multiply-defined labels.

Package atveryend Info: Empty hook `AtVeryVeryEnd' on input line 65.
 ) 
Here is how much of TeX's memory you used:
 8624 strings out of 494985
 131580 string characters out of 6180356
 455919 words of memory out of 5000000
 11150 multiletter control sequences out of 15000+600000
 9330 words of font info for 33 fonts, out of 8000000 for 9000
 36 hyphenation exceptions out of 8191
 41i,7n,51p,573b,1915s stack positions out of 5000i,500n,10000p,200000b,80000s
</usr/share/texlive/texmf-dist/fonts/type1/public/amsfonts/cm/cmbx10.pfb></us
r/share/texlive/texmf-dist/fonts/type1/public/amsfonts/cm/cmbx12.pfb></usr/shar
e/texlive/texmf-dist/fonts/type1/public/amsfonts/cm/cmbx8.pfb></usr/share/texli
ve/texmf-dist/fonts/type1/public/amsfonts/cm/cmmi8.pfb></usr/share/texlive/texm
f-dist/fonts/type1/public/amsfonts/cm/cmr10.pfb></usr/share/texlive/texmf-dist/
fonts/type1/public/amsfonts/cm/cmr12.pfb></usr/share/texlive/texmf-dist/fonts/t
ype1/public/amsfonts/cm/cmr17.pfb></usr/share/texlive/texmf-dist/fonts/type1/pu
blic/amsfonts/cm/cmr8.pfb></usr/share/texlive/texmf-dist/fonts/type1/public/ams
fonts/cm/cmsy8.pfb></usr/share/texlive/texmf-dist/fonts/type1/public/amsfonts/c
m/cmti8.pfb></usr/share/texlive/texmf-dist/fonts/type1/public/amsfonts/cm/cmtt1
0.pfb>
Output written on main.pdf (36 pages, 2337883 bytes).
PDF statistics:
 889 PDF objects out of 1000 (max. 8388607)
 805 compressed objects within 9 object streams
 525 named destinations out of 1000 (max. 500000)
 202 words of extra memory for PDF output out of 10000 (max. 10000000)

